#
# There is insufficient memory for the Java Runtime Environment to continue.
# Native memory allocation (mmap) failed to map 130023424 bytes for G1 virtual space
# Possible reasons:
#   The system is out of physical RAM or swap space
#   The process is running with CompressedOops enabled, and the Java Heap may be blocking the growth of the native heap
# Possible solutions:
#   Reduce memory load on the system
#   Increase physical memory or swap space
#   Check if swap backing store is full
#   Decrease Java heap size (-Xmx/-Xms)
#   Decrease number of Java threads
#   Decrease Java thread stack sizes (-Xss)
#   Set larger code cache with -XX:ReservedCodeCacheSize=
#   JVM is running with Unscaled Compressed Oops mode in which the Java heap is
#     placed in the first 4GB address space. The Java Heap base address is the
#     maximum limit for the native heap growth. Please use -XX:HeapBaseMinAddress
#     to set the Java Heap base and to place the Java Heap above 4GB virtual address.
# This output file may be truncated or incomplete.
#
#  Out of Memory Error (os_windows.cpp:3541), pid=22280, tid=28744
#
# JRE version:  (17.0.4.1+1) (build )
# Java VM: OpenJDK 64-Bit Server VM (17.0.4.1+1, mixed mode, sharing, tiered, compressed oops, compressed class ptrs, g1 gc, windows-amd64)
# No core dump will be written. Minidumps are not enabled by default on client versions of Windows
#

---------------  S U M M A R Y ------------

Command Line: -Dfile.encoding=UTF-8 -XX:+ShowCodeDetailsInExceptionMessages ranDomTaixiu.main

Host: 11th Gen Intel(R) Core(TM) i5-1135G7 @ 2.40GHz, 8 cores, 7G,  Windows 11 , 64 bit Build 22621 (10.0.22621.755)
Time: Fri Nov 18 21:35:30 2022 SE Asia Standard Time elapsed time: 0.008017 seconds (0d 0h 0m 0s)

---------------  T H R E A D  ---------------

Current thread (0x000002b8d996f1e0):  JavaThread "Unknown thread" [_thread_in_vm, id=28744, stack(0x000000dd45c00000,0x000000dd45d00000)]

Stack: [0x000000dd45c00000,0x000000dd45d00000]
Native frames: (J=compiled Java code, j=interpreted, Vv=VM code, C=native code)
V  [jvm.dll+0x67731a]
V  [jvm.dll+0x832284]
V  [jvm.dll+0x833a2e]
V  [jvm.dll+0x834093]
V  [jvm.dll+0x245775]
V  [jvm.dll+0x674209]
V  [jvm.dll+0x668a92]
V  [jvm.dll+0x30471b]
V  [jvm.dll+0x30bc66]
V  [jvm.dll+0x35ba9e]
V  [jvm.dll+0x35bccf]
V  [jvm.dll+0x2db5b8]
V  [jvm.dll+0x2dc524]
V  [jvm.dll+0x803db1]
V  [jvm.dll+0x3698f1]
V  [jvm.dll+0x7e31bc]
V  [jvm.dll+0x3ec25f]
V  [jvm.dll+0x3edde1]
C  [jli.dll+0x5277]
C  [ucrtbase.dll+0x29363]
C  [KERNEL32.DLL+0x1244d]
C  [ntdll.dll+0x5dfb8]


---------------  P R O C E S S  ---------------

Threads class SMR info:
_java_thread_list=0x00007ffe03994e98, length=0, elements={
}

Java Threads: ( => current thread )

Other Threads:
  0x000002b8d99c5da0 GCTaskThread "GC Thread#0" [stack: 0x000000dd45d00000,0x000000dd45e00000] [id=2812]
  0x000002b8d99f2dc0 ConcurrentGCThread "G1 Main Marker" [stack: 0x000000dd45e00000,0x000000dd45f00000] [id=25816]
  0x000002b8d99f36d0 ConcurrentGCThread "G1 Conc#0" [stack: 0x000000dd45f00000,0x000000dd46000000] [id=16588]

[error occurred during error reporting (printing all threads), id 0xc0000005, EXCEPTION_ACCESS_VIOLATION (0xc0000005) at pc=0x00007ffe0316c047]

VM state: not at safepoint (not fully initialized)

VM Mutex/Monitor currently owned by a thread:  ([mutex/lock_event])
[0x000002b8d996e2a0] Heap_lock - owner thread: 0x000002b8d996f1e0

Heap address: 0x0000000084c00000, size: 1972 MB, Compressed Oops mode: 32-bit

CDS archive(s) mapped at: [0x0000000000000000-0x0000000000000000-0x0000000000000000), size 0, SharedBaseAddress: 0x0000000800000000, ArchiveRelocationMode: 0.
Narrow klass base: 0x0000000000000000, Narrow klass shift: 0, Narrow klass range: 0x0

GC Precious Log:
<Empty>

Heap:
 garbage-first heap   total 0K, used 0K [0x0000000084c00000, 0x0000000100000000)
  region size 1024K, 0 young (0K), 0 survivors (0K)

[error occurred during error reporting (printing heap information), id 0xc0000005, EXCEPTION_ACCESS_VIOLATION (0xc0000005) at pc=0x00007ffe03550699]

GC Heap History (0 events):
No events

Deoptimization events (0 events):
No events

Classes unloaded (0 events):
No events

Classes redefined (0 events):
No events

Internal exceptions (0 events):
No events

VM Operations (0 events):
No events

Events (1 events):
Event: 0.005 Loaded shared library C:\Users\LE VAN MAMH\.p2\pool\plugins\org.eclipse.justj.openjdk.hotspot.jre.full.win32.x86_64_17.0.4.v20220903-1038\jre\bin\java.dll


Dynamic libraries:
0x00007ff7d3e50000 - 0x00007ff7d3e5e000 	C:\Users\LE VAN MAMH\.p2\pool\plugins\org.eclipse.justj.openjdk.hotspot.jre.full.win32.x86_64_17.0.4.v20220903-1038\jre\bin\javaw.exe
0x00007ffe7e250000 - 0x00007ffe7e464000 	C:\WINDOWS\SYSTEM32\ntdll.dll
0x00007ffe7ca10000 - 0x00007ffe7cad2000 	C:\WINDOWS\System32\KERNEL32.DLL
0x00007ffe7b9f0000 - 0x00007ffe7bd8d000 	C:\WINDOWS\System32\KERNELBASE.dll
0x00007ffe7b830000 - 0x00007ffe7b941000 	C:\WINDOWS\System32\ucrtbase.dll
0x00007ffe5e6b0000 - 0x00007ffe5e6c9000 	C:\Users\LE VAN MAMH\.p2\pool\plugins\org.eclipse.justj.openjdk.hotspot.jre.full.win32.x86_64_17.0.4.v20220903-1038\jre\bin\VCRUNTIME140.dll
0x00007ffe5e6d0000 - 0x00007ffe5e6e8000 	C:\Users\LE VAN MAMH\.p2\pool\plugins\org.eclipse.justj.openjdk.hotspot.jre.full.win32.x86_64_17.0.4.v20220903-1038\jre\bin\jli.dll
0x00007ffe7d780000 - 0x00007ffe7d92a000 	C:\WINDOWS\System32\USER32.dll
0x00007ffe69ee0000 - 0x00007ffe6a16e000 	C:\WINDOWS\WinSxS\amd64_microsoft.windows.common-controls_6595b64144ccf1df_6.0.22621.608_none_a9444ca7c10bb01d\COMCTL32.dll
0x00007ffe7beb0000 - 0x00007ffe7bed6000 	C:\WINDOWS\System32\win32u.dll
0x00007ffe7c730000 - 0x00007ffe7c7d7000 	C:\WINDOWS\System32\msvcrt.dll
0x00007ffe7c050000 - 0x00007ffe7c079000 	C:\WINDOWS\System32\GDI32.dll
0x00007ffe7bd90000 - 0x00007ffe7bea2000 	C:\WINDOWS\System32\gdi32full.dll
0x00007ffe7b950000 - 0x00007ffe7b9ea000 	C:\WINDOWS\System32\msvcp_win.dll
0x00007ffe7c980000 - 0x00007ffe7c9b2000 	C:\WINDOWS\System32\IMM32.DLL
0x00007ffe5fe00000 - 0x00007ffe5fe0c000 	C:\Users\LE VAN MAMH\.p2\pool\plugins\org.eclipse.justj.openjdk.hotspot.jre.full.win32.x86_64_17.0.4.v20220903-1038\jre\bin\vcruntime140_1.dll
0x00007ffe36970000 - 0x00007ffe36a01000 	C:\Users\LE VAN MAMH\.p2\pool\plugins\org.eclipse.justj.openjdk.hotspot.jre.full.win32.x86_64_17.0.4.v20220903-1038\jre\bin\msvcp140.dll
0x00007ffe02e80000 - 0x00007ffe03ac6000 	C:\Users\LE VAN MAMH\.p2\pool\plugins\org.eclipse.justj.openjdk.hotspot.jre.full.win32.x86_64_17.0.4.v20220903-1038\jre\bin\server\jvm.dll
0x00007ffe7d140000 - 0x00007ffe7d1ee000 	C:\WINDOWS\System32\ADVAPI32.dll
0x00007ffe7d6c0000 - 0x00007ffe7d764000 	C:\WINDOWS\System32\sechost.dll
0x00007ffe7d5a0000 - 0x00007ffe7d6b5000 	C:\WINDOWS\System32\RPCRT4.dll
0x00007ffe7d470000 - 0x00007ffe7d478000 	C:\WINDOWS\System32\PSAPI.DLL
0x00007ffe71160000 - 0x00007ffe71169000 	C:\WINDOWS\SYSTEM32\WSOCK32.dll
0x00007ffe7d3f0000 - 0x00007ffe7d461000 	C:\WINDOWS\System32\WS2_32.dll
0x00007ffe71dc0000 - 0x00007ffe71df4000 	C:\WINDOWS\SYSTEM32\WINMM.dll
0x00007ffe71db0000 - 0x00007ffe71dba000 	C:\WINDOWS\SYSTEM32\VERSION.dll
0x00007ffe7a6f0000 - 0x00007ffe7a708000 	C:\WINDOWS\SYSTEM32\kernel.appcore.dll
0x00007ffe5e680000 - 0x00007ffe5e68a000 	C:\Users\LE VAN MAMH\.p2\pool\plugins\org.eclipse.justj.openjdk.hotspot.jre.full.win32.x86_64_17.0.4.v20220903-1038\jre\bin\jimage.dll
0x00007ffe790b0000 - 0x00007ffe792de000 	C:\WINDOWS\SYSTEM32\DBGHELP.DLL
0x00007ffe7c3a0000 - 0x00007ffe7c72a000 	C:\WINDOWS\System32\combase.dll
0x00007ffe7d270000 - 0x00007ffe7d347000 	C:\WINDOWS\System32\OLEAUT32.dll
0x00007ffe5e350000 - 0x00007ffe5e382000 	C:\WINDOWS\SYSTEM32\dbgcore.DLL
0x00007ffe7b6f0000 - 0x00007ffe7b76b000 	C:\WINDOWS\System32\bcryptPrimitives.dll
0x00007ffe5c610000 - 0x00007ffe5c635000 	C:\Users\LE VAN MAMH\.p2\pool\plugins\org.eclipse.justj.openjdk.hotspot.jre.full.win32.x86_64_17.0.4.v20220903-1038\jre\bin\java.dll

dbghelp: loaded successfully - version: 4.0.5 - missing functions: none
symbol engine: initialized successfully - sym options: 0x614 - pdb path: .;C:\Users\LE VAN MAMH\.p2\pool\plugins\org.eclipse.justj.openjdk.hotspot.jre.full.win32.x86_64_17.0.4.v20220903-1038\jre\bin;C:\WINDOWS\SYSTEM32;C:\WINDOWS\WinSxS\amd64_microsoft.windows.common-controls_6595b64144ccf1df_6.0.22621.608_none_a9444ca7c10bb01d;C:\Users\LE VAN MAMH\.p2\pool\plugins\org.eclipse.justj.openjdk.hotspot.jre.full.win32.x86_64_17.0.4.v20220903-1038\jre\bin\server

VM Arguments:
jvm_args: -Dfile.encoding=UTF-8 -XX:+ShowCodeDetailsInExceptionMessages 
java_command: ranDomTaixiu.main
java_class_path (initial): D:\laptrinhJava\java\bin
Launcher Type: SUN_STANDARD

[Global flags]
     intx CICompilerCount                          = 4                                         {product} {ergonomic}
     uint ConcGCThreads                            = 2                                         {product} {ergonomic}
     uint G1ConcRefinementThreads                  = 8                                         {product} {ergonomic}
   size_t G1HeapRegionSize                         = 1048576                                   {product} {ergonomic}
    uintx GCDrainStackTargetSize                   = 64                                        {product} {ergonomic}
   size_t InitialHeapSize                          = 130023424                                 {product} {ergonomic}
   size_t MarkStackSize                            = 4194304                                   {product} {ergonomic}
   size_t MaxHeapSize                              = 2067791872                                {product} {ergonomic}
   size_t MinHeapDeltaBytes                        = 1048576                                   {product} {ergonomic}
   size_t MinHeapSize                              = 8388608                                   {product} {ergonomic}
    uintx NonNMethodCodeHeapSize                   = 5839372                                {pd product} {ergonomic}
    uintx NonProfiledCodeHeapSize                  = 122909434                              {pd product} {ergonomic}
    uintx ProfiledCodeHeapSize                     = 122909434                              {pd product} {ergonomic}
    uintx ReservedCodeCacheSize                    = 251658240                              {pd product} {ergonomic}
     bool SegmentedCodeCache                       = true                                      {product} {ergonomic}
     bool ShowCodeDetailsInExceptionMessages       = true                                   {manageable} {command line}
   size_t SoftMaxHeapSize                          = 2067791872                             {manageable} {ergonomic}
     bool UseCompressedClassPointers               = true                           {product lp64_product} {ergonomic}
     bool UseCompressedOops                        = true                           {product lp64_product} {ergonomic}
     bool UseG1GC                                  = true                                      {product} {ergonomic}
     bool UseLargePagesIndividualAllocation        = false                                  {pd product} {ergonomic}

Logging:
Log output configuration:
 #0: stdout all=warning uptime,level,tags
 #1: stderr all=off uptime,level,tags

Environment Variables:
PATH=C:\Program Files\Common Files\Oracle\Java\javapath;C:\WINDOWS\system32;C:\WINDOWS;C:\WINDOWS\System32\Wbem;C:\WINDOWS\System32\WindowsPowerShell\v1.0\;C:\WINDOWS\System32\OpenSSH\;C:\Program Files\Microsoft SQL Server\Client SDK\ODBC\170\Tools\Binn\;C:\Program Files (x86)\Microsoft SQL Server\150\Tools\Binn\;C:\Program Files\Microsoft SQL Server\150\Tools\Binn\;C:\Program Files\Microsoft SQL Server\150\DTS\Binn\;C:\Program Files (x86)\Microsoft SQL Server\150\DTS\Binn\;C:\Program Files\Azure Data Studio\bin;C:\Users\LE VAN MAMH\AppData\Local\Microsoft\WindowsApps;;C:\Program Files\Azure Data Studio\bin;C:\Program Files\Azure Data Studio\bin;C:\Users\LE VAN MAMH\AppData\Local\Programs\Microsoft VS Code\bin
USERNAME=LE VAN MAMH
OS=Windows_NT
PROCESSOR_IDENTIFIER=Intel64 Family 6 Model 140 Stepping 1, GenuineIntel
TMP=C:\Users\LEVANM~1\AppData\Local\Temp
TEMP=C:\Users\LEVANM~1\AppData\Local\Temp



---------------  S Y S T E M  ---------------

OS:
 Windows 11 , 64 bit Build 22621 (10.0.22621.755)
OS uptime: 1 days 23:31 hours

CPU: total 8 (initial active 8) (4 cores per cpu, 2 threads per core) family 6 model 140 stepping 1 microcode 0x86, cx8, cmov, fxsr, ht, mmx, 3dnowpref, sse, sse2, sse3, ssse3, sse4.1, sse4.2, popcnt, lzcnt, tsc, tscinvbit, avx, avx2, aes, erms, clmul, bmi1, bmi2, adx, avx512f, avx512dq, avx512cd, avx512bw, avx512vl, sha, fma, vzeroupper, avx512_vpopcntdq, avx512_vpclmulqdq, avx512_vaes, avx512_vnni, clflush, clflushopt, clwb, avx512_vbmi2, avx512_vbmi

Memory: 4k page, system-wide physical 7886M (413M free)
TotalPageFile size 32462M (AvailPageFile size 127M)
current process WorkingSet (physical memory assigned to process): 11M, peak: 11M
current process commit charge ("private bytes"): 60M, peak: 184M

vm_info: OpenJDK 64-Bit Server VM (17.0.4.1+1) for windows-amd64 JRE (17.0.4.1+1), built on Aug 17 2022 07:42:43 by "temurin" with MS VC++ 16.7 (VS2019)

END.
